<?xml version="1.0" encoding="UTF-8"?>
<!-- Generated by org.testng.reporters.JUnitReportReporter -->
<testsuite skipped="0" hostname="LAPTOP-8PV5OBQH" name="runner.Runner" tests="1" failures="0" timestamp="2022-01-20T11:59:03 IST" time="30.732" errors="0">
  <testcase name="runScenario" time="30.732" classname="runner.Runner"/>
  <system-out/>
</testsuite> <!-- runner.Runner -->
