<?xml version="1.0" encoding="UTF-8"?>
<!-- Generated by org.testng.reporters.JUnitReportReporter -->
<testsuite skipped="0" hostname="LAPTOP-8PV5OBQH" name="Tests.amazon" tests="1" failures="0" timestamp="2022-01-20T09:03:45 IST" time="44.718" errors="0">
  <testcase name="pratice" time="44.718" classname="Tests.amazon"/>
  <system-out/>
</testsuite> <!-- Tests.amazon -->
